<?xml version="1.0" encoding="UTF-8"?>
<robot generator="Robot 7.1 (Python 3.12.6 on darwin)" generated="2024-10-08T16:58:48.179548" rpa="false" schemaversion="5">
<suite id="s1" name="Testcases" source="/Users/puttipong.p/Basic-robot-assignment/Robot mobile automation assignment/testcases">
<suite id="s1-s1" name="TC 01" source="/Users/puttipong.p/Basic-robot-assignment/Robot mobile automation assignment/testcases/TC_01.robot">
<test id="s1-s1-t1" name="Tc-001 Verify text that in cart has only one product" line="6">
<kw name="Open my demo application" owner="common" type="SETUP">
<if>
<branch type="IF" condition="&quot;${platform}&quot;==&quot;android&quot;">
<kw name="Create Dictionary" owner="BuiltIn">
<var>&amp;{capability}</var>
<arg>deviceName=${deviceName}</arg>
<arg>platformVersion=${platformVersion}</arg>
<arg>platformName=${platformName}</arg>
<arg>appPackage=${appPackage}</arg>
<arg>appActivity=${appActivity}</arg>
<doc>Creates and returns a dictionary based on the given ``items``.</doc>
<status status="NOT RUN" start="2024-10-08T16:58:48.267110" elapsed="0.000010"/>
</kw>
<status status="NOT RUN" start="2024-10-08T16:58:48.266944" elapsed="0.000208"/>
</branch>
<branch type="ELSE IF" condition="&quot;${platform}&quot;==&quot;ios&quot;">
<kw name="Create Dictionary" owner="BuiltIn">
<msg time="2024-10-08T16:58:48.267408" level="INFO">&amp;{capability} = { automationName=XCUItest | platformName=ios | platformVersion=18.0 | bundleId=com.saucelabs.mydemo.app.ios | deviceName=iPhone 16 Pro }</msg>
<var>&amp;{capability}</var>
<arg>automationName=${automationName}</arg>
<arg>platformName=${platformName}</arg>
<arg>platformVersion=${platformVersion}</arg>
<arg>bundleId=${bundleId}</arg>
<arg>deviceName=${deviceName}</arg>
<doc>Creates and returns a dictionary based on the given ``items``.</doc>
<status status="PASS" start="2024-10-08T16:58:48.267235" elapsed="0.000184"/>
</kw>
<status status="PASS" start="2024-10-08T16:58:48.267165" elapsed="0.000274"/>
</branch>
<status status="PASS" start="2024-10-08T16:58:48.266929" elapsed="0.000520"/>
</if>
<kw name="Open Application" owner="AppiumLibrary">
<kw name="Capture Page Screenshot" owner="AppiumLibrary">
<msg time="2024-10-08T16:59:11.156087" level="FAIL">No application is open</msg>
<doc>Takes a screenshot of the current page and embeds it into the log.</doc>
<status status="FAIL" start="2024-10-08T16:59:11.155425" elapsed="0.006132">No application is open</status>
</kw>
<msg time="2024-10-08T16:59:11.162839" level="WARN">Keyword 'Capture Page Screenshot' could not be run on failure: No application is open</msg>
<msg time="2024-10-08T16:59:11.163119" level="FAIL">WebDriverException: Message: An unknown server-side error occurred while processing the command. Original error: Unable to launch WebDriverAgent because of xcodebuild failure: xcodebuild failed with code 65
xcodebuild error message:

Stacktrace:
UnknownError: An unknown server-side error occurred while processing the command. Original error: Unable to launch WebDriverAgent because of xcodebuild failure: xcodebuild failed with code 65
xcodebuild error message:

    at getResponseForW3CError (/Applications/Appium Server GUI.app/Contents/Resources/app/node_modules/appium/node_modules/appium-base-driver/lib/protocol/errors.js:804:9)
    at asyncHandler (/Applications/Appium Server GUI.app/Contents/Resources/app/node_modules/appium/node_modules/appium-base-driver/lib/protocol/protocol.js:380:37)</msg>
<arg>${remote_url}</arg>
<arg>&amp;{capability}</arg>
<doc>Opens a new application to given Appium server.
Capabilities of appium server, Android and iOS,
Please check https://appium.io/docs/en/2.1/cli/args/
| *Option*            | *Man.* | *Description*     |
| remote_url          | Yes    | Appium server url |
| alias               | no     | alias             |
| strict_ssl          | No     | allows you to send commands to an invalid certificate host like a self-signed one. |</doc>
<status status="FAIL" start="2024-10-08T16:58:48.267552" elapsed="22.896421">WebDriverException: Message: An unknown server-side error occurred while processing the command. Original error: Unable to launch WebDriverAgent because of xcodebuild failure: xcodebuild failed with code 65
xcodebuild error message:

Stacktrace:
UnknownError: An unknown server-side error occurred while processing the command. Original error: Unable to launch WebDriverAgent because of xcodebuild failure: xcodebuild failed with code 65
xcodebuild error message:

    at getResponseForW3CError (/Applications/Appium Server GUI.app/Contents/Resources/app/node_modules/appium/node_modules/appium-base-driver/lib/protocol/errors.js:804:9)
    at asyncHandler (/Applications/Appium Server GUI.app/Contents/Resources/app/node_modules/appium/node_modules/appium-base-driver/lib/protocol/protocol.js:380:37)</status>
</kw>
<status status="FAIL" start="2024-10-08T16:58:48.266838" elapsed="22.897301">WebDriverException: Message: An unknown server-side error occurred while processing the command. Original error: Unable to launch WebDriverAgent because of xcodebuild failure: xcodebuild failed with code 65
xcodebuild error message:

Stacktrace:
UnknownError: An unknown server-side error occurred while processing the command. Original error: Unable to launch WebDriverAgent because of xcodebuild failure: xcodebuild failed with code 65
xcodebuild error message:

    at getResponseForW3CError (/Applications/Appium Server GUI.app/Contents/Resources/app/node_modules/appium/node_modules/appium-base-driver/lib/protocol/errors.js:804:9)
    at asyncHandler (/Applications/Appium Server GUI.app/Contents/Resources/app/node_modules/appium/node_modules/appium-base-driver/lib/protocol/protocol.js:380:37)</status>
</kw>
<kw name="Close Application" owner="AppiumLibrary" type="TEARDOWN">
<kw name="Capture Page Screenshot" owner="AppiumLibrary">
<msg time="2024-10-08T16:59:11.164812" level="FAIL">No application is open</msg>
<doc>Takes a screenshot of the current page and embeds it into the log.</doc>
<status status="FAIL" start="2024-10-08T16:59:11.164659" elapsed="0.000650">No application is open</status>
</kw>
<msg time="2024-10-08T16:59:11.166596" level="WARN">Keyword 'Capture Page Screenshot' could not be run on failure: No application is open</msg>
<msg time="2024-10-08T16:59:11.166725" level="FAIL">No application is open</msg>
<doc>Closes the current application and also close webdriver session.</doc>
<status status="FAIL" start="2024-10-08T16:59:11.164446" elapsed="0.002533">No application is open</status>
</kw>
<status status="FAIL" start="2024-10-08T16:58:48.266503" elapsed="22.900561">Setup failed:
WebDriverException: Message: An unknown server-side error occurred while processing the command. Original error: Unable to launch WebDriverAgent because of xcodebuild failure: xcodebuild failed with code 65
xcodebuild error message:

Stacktrace:
UnknownError: An unknown server-side error occurred while processing the command. Original error: Unable to launch WebDriverAgent because of xcodebuild failure: xcodebuild failed with code 65
xcodebuild error message:

    at getResponseForW3CError (/Applications/Appium Server GUI.app/Contents/Resources/app/node_modules/appium/node_modules/appium-base-driver/lib/protocol/errors.js:804:9)
    at asyncHandler (/Applications/Appium Server GUI.app/Contents/Resources/app/node_modules/appium/node_modules/appium-base-driver/lib/protocol/protocol.js:380:37)

Also teardown failed:
No application is open</status>
</test>
<status status="FAIL" start="2024-10-08T16:58:48.194240" elapsed="22.973250"/>
</suite>
<status status="FAIL" start="2024-10-08T16:58:48.180246" elapsed="22.987665"/>
</suite>
<statistics>
<total>
<stat pass="0" fail="1" skip="0">All Tests</stat>
</total>
<tag>
</tag>
<suite>
<stat pass="0" fail="1" skip="0" id="s1" name="Testcases">Testcases</stat>
<stat pass="0" fail="1" skip="0" id="s1-s1" name="TC 01">Testcases.TC 01</stat>
</suite>
</statistics>
<errors>
<msg time="2024-10-08T16:59:11.162839" level="WARN">Keyword 'Capture Page Screenshot' could not be run on failure: No application is open</msg>
<msg time="2024-10-08T16:59:11.166596" level="WARN">Keyword 'Capture Page Screenshot' could not be run on failure: No application is open</msg>
</errors>
</robot>
